<?xml version="1.0" encoding="UTF-8"?>
<!-- Generated by org.testng.reporters.JUnitReportReporter -->
<testsuite hostname="Aachals-Laptop" failures="0" tests="1" name="com.TestLayer.UserRegisterPageTest" time="2.072" errors="0" timestamp="2023-07-21T21:21:46 IST" skipped="0">
  <testcase classname="com.TestLayer.UserRegisterPageTest" name="validateUserRegistration" time="2.072"/>
  <system-out/>
</testsuite> <!-- com.TestLayer.UserRegisterPageTest -->
